[ 50%] [32mBuilding CXX object CMakeFiles/motion_control.dir/src/motion_control.cpp.o[0m
[01m[K/home/salman/Ros2_Workspace/src/robot_control/src/motion_control.cpp:[m[K In member function â€˜[01m[Kvoid MotionControlPublisherCpp::timerCallback()[m[Kâ€™:
[01m[K/home/salman/Ros2_Workspace/src/robot_control/src/motion_control.cpp:92:35:[m[K [01;31m[Kerror: [m[Kâ€˜[01m[Kgripper_joints[m[Kâ€™ was not declared in this scope
   92 |         msg_gripper.joint_names = [01;31m[Kgripper_joints[m[K;
      |                                   [01;31m[K^~~~~~~~~~~~~~[m[K
gmake[2]: *** [CMakeFiles/motion_control.dir/build.make:76: CMakeFiles/motion_control.dir/src/motion_control.cpp.o] Error 1
gmake[1]: *** [CMakeFiles/Makefile2:137: CMakeFiles/motion_control.dir/all] Error 2
gmake: *** [Makefile:146: all] Error 2
