[35m[1mConsolidate compiler generated dependencies of target motion_control[0m
[ 50%] [32mBuilding CXX object CMakeFiles/motion_control.dir/src/motion_control.cpp.o[0m
[01m[K/home/salman/Ros2_Workspace/src/robot_control/src/motion_control.cpp:[m[K In constructor â€˜[01m[KMotionControlPublisherCpp::MotionControlPublisherCpp()[m[Kâ€™:
[01m[K/home/salman/Ros2_Workspace/src/robot_control/src/motion_control.cpp:47:13:[m[K [01;31m[Kerror: [m[Kexpected â€˜[01m[K}[m[Kâ€™ before â€˜[01m[K{[m[Kâ€™ token
   47 |             [01;31m[K{[m[K1.345, -0.90, 0.264, -0.296, 0.389, -1.5},  // Place location
      |             [01;31m[K^[m[K
[01m[K/home/salman/Ros2_Workspace/src/robot_control/src/motion_control.cpp:42:26:[m[K [01;36m[Knote: [m[Kto match this â€˜[01m[K{[m[Kâ€™
   42 |         arm_positions_ = [01;36m[K{[m[K
      |                          [01;36m[K^[m[K
[01m[K/home/salman/Ros2_Workspace/src/robot_control/src/motion_control.cpp:47:13:[m[K [01;31m[Kerror: [m[Kexpected â€˜[01m[K;[m[Kâ€™ before â€˜[01m[K{[m[Kâ€™ token
   47 |             [01;31m[K{[m[K1.345, -0.90, 0.264, -0.296, 0.389, -1.5},  // Place location
      |             [01;31m[K^[m[K
[01m[K/home/salman/Ros2_Workspace/src/robot_control/src/motion_control.cpp:47:55:[m[K [01;31m[Kerror: [m[Kexpected primary-expression before â€˜[01m[K,[m[Kâ€™ token
   47 |             {1.345, -0.90, 0.264, -0.296, 0.389, -1.5}[01;31m[K,[m[K  // Place location
      |                                                       [01;31m[K^[m[K
[01m[K/home/salman/Ros2_Workspace/src/robot_control/src/motion_control.cpp:48:13:[m[K [01;31m[Kerror: [m[Kexpected primary-expression before â€˜[01m[K{[m[Kâ€™ token
   48 |             [01;31m[K{[m[K1.345, -0.90, 0.264, -0.296, 0.389, -1.5},
      |             [01;31m[K^[m[K
[01m[K/home/salman/Ros2_Workspace/src/robot_control/src/motion_control.cpp:48:55:[m[K [01;31m[Kerror: [m[Kexpected primary-expression before â€˜[01m[K,[m[Kâ€™ token
   48 |             {1.345, -0.90, 0.264, -0.296, 0.389, -1.5}[01;31m[K,[m[K
      |                                                       [01;31m[K^[m[K
[01m[K/home/salman/Ros2_Workspace/src/robot_control/src/motion_control.cpp:49:9:[m[K [01;31m[Kerror: [m[Kexpected primary-expression before â€˜[01m[K}[m[Kâ€™ token
   49 |         [01;31m[K}[m[K;
      |         [01;31m[K^[m[K
gmake[2]: *** [CMakeFiles/motion_control.dir/build.make:76: CMakeFiles/motion_control.dir/src/motion_control.cpp.o] Error 1
gmake[1]: *** [CMakeFiles/Makefile2:137: CMakeFiles/motion_control.dir/all] Error 2
gmake: *** [Makefile:146: all] Error 2
